<?xml version="1.0" encoding="UTF-8"?>
<testng-results ignored="0" total="1" passed="1" failed="0" skipped="0">
  <reporter-output>
  </reporter-output>
  <suite started-at="2023-06-21T18:45:14 IST" name="Default suite" finished-at="2023-06-21T18:46:33 IST" duration-ms="79019">
    <groups>
    </groups>
    <test started-at="2023-06-21T18:45:14 IST" name="Default test" finished-at="2023-06-21T18:46:33 IST" duration-ms="79019">
      <class name="testCase.LoginTest">
        <test-method signature="test1()[pri:0, instance:testCase.LoginTest@58ea606c]" started-at="2023-06-21T18:45:14 IST" name="test1" finished-at="2023-06-21T18:46:33 IST" duration-ms="78946" status="PASS">
          <reporter-output>
          </reporter-output>
        </test-method> <!-- test1 -->
      </class> <!-- testCase.LoginTest -->
    </test> <!-- Default test -->
  </suite> <!-- Default suite -->
</testng-results>
